<?xml version="1.0" encoding="UTF-8"?>
<testng-results ignored="0" total="4" passed="3" failed="1" skipped="0">
  <reporter-output>
  </reporter-output>
  <suite started-at="2022-07-11T14:00:27 IST" name="Default suite" finished-at="2022-07-11T14:03:06 IST" duration-ms="158893">
    <groups>
    </groups>
    <test started-at="2022-07-11T14:00:27 IST" name="Default test" finished-at="2022-07-11T14:03:06 IST" duration-ms="158893">
      <class name="com.bridgelabz.SeleniumActionClass.ActionClassDemo">
        <test-method is-config="true" signature="initialization()[pri:0, instance:com.bridgelabz.SeleniumActionClass.ActionClassDemo@402bba4f]" started-at="2022-07-11T14:00:27 IST" name="initialization" finished-at="2022-07-11T14:00:34 IST" duration-ms="6997" status="PASS">
          <reporter-output>
          </reporter-output>
        </test-method> <!-- initialization -->
        <test-method signature="dragAndDrop()[pri:0, instance:com.bridgelabz.SeleniumActionClass.ActionClassDemo@402bba4f]" started-at="2022-07-11T14:00:34 IST" name="dragAndDrop" finished-at="2022-07-11T14:00:44 IST" duration-ms="10454" status="PASS">
          <reporter-output>
          </reporter-output>
        </test-method> <!-- dragAndDrop -->
        <test-method is-config="true" signature="closeDriver()[pri:0, instance:com.bridgelabz.SeleniumActionClass.ActionClassDemo@402bba4f]" started-at="2022-07-11T14:00:44 IST" name="closeDriver" finished-at="2022-07-11T14:00:49 IST" duration-ms="4402" status="PASS">
          <reporter-output>
          </reporter-output>
        </test-method> <!-- closeDriver -->
        <test-method is-config="true" signature="initialization()[pri:0, instance:com.bridgelabz.SeleniumActionClass.ActionClassDemo@402bba4f]" started-at="2022-07-11T14:00:49 IST" name="initialization" finished-at="2022-07-11T14:00:52 IST" duration-ms="2719" status="PASS">
          <reporter-output>
          </reporter-output>
        </test-method> <!-- initialization -->
        <test-method signature="dragAndDropOffset()[pri:0, instance:com.bridgelabz.SeleniumActionClass.ActionClassDemo@402bba4f]" started-at="2022-07-11T14:00:52 IST" name="dragAndDropOffset" finished-at="2022-07-11T14:01:23 IST" duration-ms="31118" status="PASS">
          <reporter-output>
          </reporter-output>
        </test-method> <!-- dragAndDropOffset -->
        <test-method is-config="true" signature="closeDriver()[pri:0, instance:com.bridgelabz.SeleniumActionClass.ActionClassDemo@402bba4f]" started-at="2022-07-11T14:01:23 IST" name="closeDriver" finished-at="2022-07-11T14:01:27 IST" duration-ms="4320" status="PASS">
          <reporter-output>
          </reporter-output>
        </test-method> <!-- closeDriver -->
        <test-method is-config="true" signature="initialization()[pri:0, instance:com.bridgelabz.SeleniumActionClass.ActionClassDemo@402bba4f]" started-at="2022-07-11T14:01:27 IST" name="initialization" finished-at="2022-07-11T14:01:30 IST" duration-ms="2979" status="PASS">
          <reporter-output>
          </reporter-output>
        </test-method> <!-- initialization -->
        <test-method signature="dropDownMenu()[pri:0, instance:com.bridgelabz.SeleniumActionClass.ActionClassDemo@402bba4f]" started-at="2022-07-11T14:01:30 IST" name="dropDownMenu" finished-at="2022-07-11T14:01:44 IST" duration-ms="13834" status="PASS">
          <reporter-output>
          </reporter-output>
        </test-method> <!-- dropDownMenu -->
        <test-method is-config="true" signature="closeDriver()[pri:0, instance:com.bridgelabz.SeleniumActionClass.ActionClassDemo@402bba4f]" started-at="2022-07-11T14:01:44 IST" name="closeDriver" finished-at="2022-07-11T14:01:48 IST" duration-ms="4320" status="PASS">
          <reporter-output>
          </reporter-output>
        </test-method> <!-- closeDriver -->
        <test-method is-config="true" signature="initialization()[pri:0, instance:com.bridgelabz.SeleniumActionClass.ActionClassDemo@402bba4f]" started-at="2022-07-11T14:01:48 IST" name="initialization" finished-at="2022-07-11T14:01:51 IST" duration-ms="3025" status="PASS">
          <reporter-output>
          </reporter-output>
        </test-method> <!-- initialization -->
        <test-method signature="mouseHover()[pri:0, instance:com.bridgelabz.SeleniumActionClass.ActionClassDemo@402bba4f]" started-at="2022-07-11T14:01:51 IST" name="mouseHover" finished-at="2022-07-11T14:03:02 IST" duration-ms="70445" status="FAIL">
          <exception class="org.openqa.selenium.NoSuchElementException">
            <message>
              <![CDATA[Unable to find element with locator By.xpath: //div[@class='DesktopHeader__HeaderStyled-sc-r0p6o1-0 bOvSTC']//div[7]
For documentation on this error, please visit: https://selenium.dev/exceptions/#no_such_element
Build info: version: '4.3.0', revision: 'a4995e2c09*'
System info: host: 'AVIJEET-DESKTOP', ip: '192.168.1.134', os.name: 'Windows 10', os.arch: 'amd64', os.version: '10.0', java.version: '17.0.1'
Driver info: driver.version: RemoteWebDriver]]>
            </message>
            <full-stacktrace>
              <![CDATA[org.openqa.selenium.NoSuchElementException: Unable to find element with locator By.xpath: //div[@class='DesktopHeader__HeaderStyled-sc-r0p6o1-0 bOvSTC']//div[7]
For documentation on this error, please visit: https://selenium.dev/exceptions/#no_such_element
Build info: version: '4.3.0', revision: 'a4995e2c09*'
System info: host: 'AVIJEET-DESKTOP', ip: '192.168.1.134', os.name: 'Windows 10', os.arch: 'amd64', os.version: '10.0', java.version: '17.0.1'
Driver info: driver.version: RemoteWebDriver
at org.openqa.selenium.remote.ElementLocation$ElementFinder$2.findElement(ElementLocation.java:165)
at org.openqa.selenium.remote.ElementLocation.findElement(ElementLocation.java:60)
at org.openqa.selenium.remote.RemoteWebDriver.findElement(RemoteWebDriver.java:387)
at org.openqa.selenium.remote.RemoteWebDriver.findElement(RemoteWebDriver.java:379)
at com.bridgelabz.SeleniumActionClass.ActionClassDemo.mouseHover(ActionClassDemo.java:27)
at java.base/jdk.internal.reflect.NativeMethodAccessorImpl.invoke0(Native Method)
at java.base/jdk.internal.reflect.NativeMethodAccessorImpl.invoke(NativeMethodAccessorImpl.java:77)
at java.base/jdk.internal.reflect.DelegatingMethodAccessorImpl.invoke(DelegatingMethodAccessorImpl.java:43)
at java.base/java.lang.reflect.Method.invoke(Method.java:568)
at org.testng.internal.MethodInvocationHelper.invokeMethod(MethodInvocationHelper.java:133)
at org.testng.internal.TestInvoker.invokeMethod(TestInvoker.java:598)
at org.testng.internal.TestInvoker.invokeTestMethod(TestInvoker.java:173)
at org.testng.internal.MethodRunner.runInSequence(MethodRunner.java:46)
at org.testng.internal.TestInvoker$MethodInvocationAgent.invoke(TestInvoker.java:824)
at org.testng.internal.TestInvoker.invokeTestMethods(TestInvoker.java:146)
at org.testng.internal.TestMethodWorker.invokeTestMethods(TestMethodWorker.java:146)
at org.testng.internal.TestMethodWorker.run(TestMethodWorker.java:128)
at java.base/java.util.ArrayList.forEach(ArrayList.java:1511)
at org.testng.TestRunner.privateRun(TestRunner.java:794)
at org.testng.TestRunner.run(TestRunner.java:596)
at org.testng.SuiteRunner.runTest(SuiteRunner.java:377)
at org.testng.SuiteRunner.runSequentially(SuiteRunner.java:371)
at org.testng.SuiteRunner.privateRun(SuiteRunner.java:332)
at org.testng.SuiteRunner.run(SuiteRunner.java:276)
at org.testng.SuiteRunnerWorker.runSuite(SuiteRunnerWorker.java:53)
at org.testng.SuiteRunnerWorker.run(SuiteRunnerWorker.java:96)
at org.testng.TestNG.runSuitesSequentially(TestNG.java:1212)
at org.testng.TestNG.runSuitesLocally(TestNG.java:1134)
at org.testng.TestNG.runSuites(TestNG.java:1063)
at org.testng.TestNG.run(TestNG.java:1031)
at org.testng.remote.AbstractRemoteTestNG.run(AbstractRemoteTestNG.java:115)
at org.testng.remote.RemoteTestNG.initAndRun(RemoteTestNG.java:251)
at org.testng.remote.RemoteTestNG.main(RemoteTestNG.java:77)
]]>
            </full-stacktrace>
          </exception> <!-- org.openqa.selenium.NoSuchElementException -->
          <reporter-output>
          </reporter-output>
        </test-method> <!-- mouseHover -->
        <test-method is-config="true" signature="closeDriver()[pri:0, instance:com.bridgelabz.SeleniumActionClass.ActionClassDemo@402bba4f]" started-at="2022-07-11T14:03:02 IST" name="closeDriver" finished-at="2022-07-11T14:03:06 IST" duration-ms="4218" status="PASS">
          <reporter-output>
          </reporter-output>
        </test-method> <!-- closeDriver -->
      </class> <!-- com.bridgelabz.SeleniumActionClass.ActionClassDemo -->
    </test> <!-- Default test -->
  </suite> <!-- Default suite -->
</testng-results>
